Determining if the pthread_create exist failed with the following output:
Change Dir: /home/shengjian/bulldog_ws/gpg/build/CMakeFiles/CMakeTmp

Run Build Command:"/usr/bin/make" "cmTC_0f2fc/fast"
/usr/bin/make -f CMakeFiles/cmTC_0f2fc.dir/build.make CMakeFiles/cmTC_0f2fc.dir/build
make[1]: Entering directory `/home/shengjian/bulldog_ws/gpg/build/CMakeFiles/CMakeTmp'
Building C object CMakeFiles/cmTC_0f2fc.dir/CheckSymbolExists.c.o
/usr/bin/cc    -o CMakeFiles/cmTC_0f2fc.dir/CheckSymbolExists.c.o   -c /home/shengjian/bulldog_ws/gpg/build/CMakeFiles/CMakeTmp/CheckSymbolExists.c
Linking C executable cmTC_0f2fc
/usr/local/bin/cmake -E cmake_link_script CMakeFiles/cmTC_0f2fc.dir/link.txt --verbose=1
/usr/bin/cc      -rdynamic CMakeFiles/cmTC_0f2fc.dir/CheckSymbolExists.c.o  -o cmTC_0f2fc 
CMakeFiles/cmTC_0f2fc.dir/CheckSymbolExists.c.o: In function `main':
CheckSymbolExists.c:(.text+0x16): undefined reference to `pthread_create'
collect2: error: ld returned 1 exit status
make[1]: *** [cmTC_0f2fc] Error 1
make[1]: Leaving directory `/home/shengjian/bulldog_ws/gpg/build/CMakeFiles/CMakeTmp'
make: *** [cmTC_0f2fc/fast] Error 2

File /home/shengjian/bulldog_ws/gpg/build/CMakeFiles/CMakeTmp/CheckSymbolExists.c:
/* */
#include <pthread.h>

int main(int argc, char** argv)
{
  (void)argv;
#ifndef pthread_create
  return ((int*)(&pthread_create))[argc];
#else
  (void)argc;
  return 0;
#endif
}

Determining if the function pthread_create exists in the pthreads failed with the following output:
Change Dir: /home/shengjian/bulldog_ws/gpg/build/CMakeFiles/CMakeTmp

Run Build Command:"/usr/bin/make" "cmTC_502af/fast"
/usr/bin/make -f CMakeFiles/cmTC_502af.dir/build.make CMakeFiles/cmTC_502af.dir/build
make[1]: Entering directory `/home/shengjian/bulldog_ws/gpg/build/CMakeFiles/CMakeTmp'
Building C object CMakeFiles/cmTC_502af.dir/CheckFunctionExists.c.o
/usr/bin/cc   -DCHECK_FUNCTION_EXISTS=pthread_create   -o CMakeFiles/cmTC_502af.dir/CheckFunctionExists.c.o   -c /usr/local/share/cmake-3.11/Modules/CheckFunctionExists.c
Linking C executable cmTC_502af
/usr/local/bin/cmake -E cmake_link_script CMakeFiles/cmTC_502af.dir/link.txt --verbose=1
/usr/bin/cc  -DCHECK_FUNCTION_EXISTS=pthread_create    -rdynamic CMakeFiles/cmTC_502af.dir/CheckFunctionExists.c.o  -o cmTC_502af -lpthreads 
/usr/bin/ld: cannot find -lpthreads
collect2: error: ld returned 1 exit status
make[1]: *** [cmTC_502af] Error 1
make[1]: Leaving directory `/home/shengjian/bulldog_ws/gpg/build/CMakeFiles/CMakeTmp'
make: *** [cmTC_502af/fast] Error 2


